<?xml version="1.0" encoding="UTF-8"?>
<!-- Generated by org.testng.reporters.JUnitXMLReporter -->
<testsuite ignored="0" hostname="KALYAN" failures="0" tests="4" name="Test" time="0.243" errors="0" timestamp="2022-03-28T13:54:51 IST">
  <testcase classname="com.crm.vtiger.ContactTest" name="org" time="0.03"/>
  <testcase classname="com.crm.vtiger.LoginTest" name="login" time="0.012"/>
  <testcase classname="com.crm.vtiger.OrganizationTest" name="org" time="0.014"/>
  <testcase classname="com.crm.vtiger.HomeTest" name="home" time="0.012"/>
</testsuite> <!-- Test -->
