<?xml version="1.0" encoding="UTF-8"?>
<testng-results ignored="0" total="4" passed="4" failed="0" skipped="0">
  <reporter-output>
  </reporter-output>
  <suite started-at="2022-03-28T13:54:51 IST" name="Suite" finished-at="2022-03-28T13:54:51 IST" duration-ms="243">
    <groups>
    </groups>
    <test started-at="2022-03-28T13:54:51 IST" name="Test" finished-at="2022-03-28T13:54:51 IST" duration-ms="243">
      <class name="com.crm.vtiger.ContactTest">
        <test-method signature="org()[pri:0, instance:com.crm.vtiger.ContactTest@1e6454ec]" started-at="2022-03-28T13:54:51 IST" name="org" finished-at="2022-03-28T13:54:51 IST" duration-ms="30" status="PASS">
          <reporter-output>
          </reporter-output>
        </test-method> <!-- org -->
      </class> <!-- com.crm.vtiger.ContactTest -->
      <class name="com.crm.vtiger.LoginTest">
        <test-method signature="login()[pri:0, instance:com.crm.vtiger.LoginTest@29d89d5d]" started-at="2022-03-28T13:54:51 IST" name="login" finished-at="2022-03-28T13:54:51 IST" duration-ms="12" status="PASS">
          <reporter-output>
          </reporter-output>
        </test-method> <!-- login -->
      </class> <!-- com.crm.vtiger.LoginTest -->
      <class name="com.crm.vtiger.OrganizationTest">
        <test-method signature="org()[pri:0, instance:com.crm.vtiger.OrganizationTest@3514a4c0]" started-at="2022-03-28T13:54:51 IST" name="org" finished-at="2022-03-28T13:54:51 IST" duration-ms="14" status="PASS">
          <reporter-output>
          </reporter-output>
        </test-method> <!-- org -->
      </class> <!-- com.crm.vtiger.OrganizationTest -->
      <class name="com.crm.vtiger.HomeTest">
        <test-method signature="home()[pri:0, instance:com.crm.vtiger.HomeTest@212b5695]" started-at="2022-03-28T13:54:51 IST" name="home" finished-at="2022-03-28T13:54:51 IST" duration-ms="12" status="PASS">
          <reporter-output>
          </reporter-output>
        </test-method> <!-- home -->
      </class> <!-- com.crm.vtiger.HomeTest -->
    </test> <!-- Test -->
  </suite> <!-- Suite -->
</testng-results>
